[10:00:36:293ms][Info][Core] Initializing mod.io services
[10:00:36:352ms][Info][File] Initialized File Service
[10:00:36:540ms][Trace][File] Begin read of 50 bytes from C:\Users\Saptarshi\AppData\Local\mod.io\3791\LoneWolf\..\..\globalsettings.json
[10:00:36:541ms][Trace][File] Finish read from C:\Users\Saptarshi\AppData\Local\mod.io\3791\LoneWolf\..\..\globalsettings.json
[10:00:36:541ms][Info][File] Overriding RootLocalStoragePath to C:\Users\Public\mod.io\
[10:00:36:545ms][Info][Http] Initialized Http Service
[10:00:36:545ms][Trace][User] Loading user data
[10:00:36:644ms][Trace][File] Begin read of 2632 bytes from C:\Users\Saptarshi\AppData\Local\mod.io\3791\LoneWolf\user.json
[10:00:36:644ms][Trace][File] Finish read from C:\Users\Saptarshi\AppData\Local\mod.io\3791\LoneWolf\user.json
[10:00:36:645ms][Trace][User] User Data Loaded
[10:00:36:645ms][Info][User] Initialized User Data service
[10:00:36:645ms][Info][File] Overriding RootLocalStoragePath to D:\Games\Ready or Not\ReadyOrNot\Content\Paks\mod.io\
[10:00:36:645ms][Trace][ModManagement] Loading mod collection from storage
[10:00:36:723ms][Trace][File] Begin read of 80989 bytes from D:\Games\Ready or Not\ReadyOrNot\Content\Paks\mod.io\3791\metadata\state.json
[10:00:36:805ms][Trace][File] Finish read from D:\Games\Ready or Not\ReadyOrNot\Content\Paks\mod.io\3791\metadata\state.json
[10:00:36:807ms][Trace][ModManagement] Mod collection loaded
[10:00:36:838ms][Info][Core] mod.io service initialization complete
[10:00:36:871ms][Info][ModManagement] Adding ModManagementEvent 0 with status 0 to ModEventLog for ModID 4761012
[10:00:36:871ms][Trace][Http] Creating Request for /v1/games/3791/mods/4761012?api_key=41c1a9a92cb222df61726049fb915bae
[10:00:36:904ms][Info][Http] Initializing GET request for g-3791.modapi.io /v1/games/3791/mods/4761012?api_key=41c1a9a92cb222df61726049fb915bae
[10:00:39:56ms][Trace][Http] Adding hash 2191065078 to cache
[10:00:39:57ms][Info][Http] Starting download of modfile lastresort_ron_101_wreadme.zip for mod 4761012 "Last Resort"
[10:00:39:58ms][Trace][Http] Creating Request for /v1/games/3791/mods/4761012/files/6133977/download
[10:00:39:80ms][Info][Http] Beginning download of file C:\Users\SAPTAR~1\AppData\Local\Temp\lastresort_ron_101_wreadme.zip.download
[10:00:39:80ms][Info][Http] Initializing GET request for g-3791.modapi.io /v1/games/3791/mods/4761012/files/6133977/download
[10:00:40:871ms][Trace][File] Begin write of 524288 bytes to C:\Users\SAPTAR~1\AppData\Local\Temp\lastresort_ron_101_wreadme.zip.download at 0
[10:00:40:871ms][Trace][File] Finish write to C:\Users\SAPTAR~1\AppData\Local\Temp\lastresort_ron_101_wreadme.zip.download
[10:00:40:946ms][Trace][File] Begin write of 524288 bytes to C:\Users\SAPTAR~1\AppData\Local\Temp\lastresort_ron_101_wreadme.zip.download at 524288
[10:00:40:947ms][Trace][File] Finish write to C:\Users\SAPTAR~1\AppData\Local\Temp\lastresort_ron_101_wreadme.zip.download
[10:00:40:972ms][Trace][File] Begin write of 524288 bytes to C:\Users\SAPTAR~1\AppData\Local\Temp\lastresort_ron_101_wreadme.zip.download at 1048576
[10:00:40:972ms][Trace][File] Finish write to C:\Users\SAPTAR~1\AppData\Local\Temp\lastresort_ron_101_wreadme.zip.download
[10:00:41:23ms][Trace][File] Begin write of 524288 bytes to C:\Users\SAPTAR~1\AppData\Local\Temp\lastresort_ron_101_wreadme.zip.download at 1572864
[10:00:41:23ms][Trace][File] Finish write to C:\Users\SAPTAR~1\AppData\Local\Temp\lastresort_ron_101_wreadme.zip.download
[10:00:41:72ms][Trace][File] Begin write of 524288 bytes to C:\Users\SAPTAR~1\AppData\Local\Temp\lastresort_ron_101_wreadme.zip.download at 2097152
[10:00:41:73ms][Trace][File] Finish write to C:\Users\SAPTAR~1\AppData\Local\Temp\lastresort_ron_101_wreadme.zip.download
[10:00:41:96ms][Trace][File] Begin write of 524288 bytes to C:\Users\SAPTAR~1\AppData\Local\Temp\lastresort_ron_101_wreadme.zip.download at 2621440
[10:00:41:97ms][Trace][File] Finish write to C:\Users\SAPTAR~1\AppData\Local\Temp\lastresort_ron_101_wreadme.zip.download
[10:00:41:167ms][Trace][File] Begin write of 524288 bytes to C:\Users\SAPTAR~1\AppData\Local\Temp\lastresort_ron_101_wreadme.zip.download at 3145728
[10:00:41:167ms][Trace][File] Finish write to C:\Users\SAPTAR~1\AppData\Local\Temp\lastresort_ron_101_wreadme.zip.download
[10:00:41:190ms][Trace][File] Begin write of 524288 bytes to C:\Users\SAPTAR~1\AppData\Local\Temp\lastresort_ron_101_wreadme.zip.download at 3670016
[10:00:41:191ms][Trace][File] Finish write to C:\Users\SAPTAR~1\AppData\Local\Temp\lastresort_ron_101_wreadme.zip.download
[10:00:41:214ms][Trace][File] Begin write of 524288 bytes to C:\Users\SAPTAR~1\AppData\Local\Temp\lastresort_ron_101_wreadme.zip.download at 4194304
[10:00:41:214ms][Trace][File] Finish write to C:\Users\SAPTAR~1\AppData\Local\Temp\lastresort_ron_101_wreadme.zip.download
[10:00:41:642ms][Trace][File] Begin write of 524288 bytes to C:\Users\SAPTAR~1\AppData\Local\Temp\lastresort_ron_101_wreadme.zip.download at 4718592
[10:00:41:642ms][Trace][File] Finish write to C:\Users\SAPTAR~1\AppData\Local\Temp\lastresort_ron_101_wreadme.zip.download
[10:00:41:666ms][Trace][File] Begin write of 524288 bytes to C:\Users\SAPTAR~1\AppData\Local\Temp\lastresort_ron_101_wreadme.zip.download at 5242880
[10:00:41:666ms][Trace][File] Finish write to C:\Users\SAPTAR~1\AppData\Local\Temp\lastresort_ron_101_wreadme.zip.download
[10:00:41:870ms][Trace][File] Begin write of 524288 bytes to C:\Users\SAPTAR~1\AppData\Local\Temp\lastresort_ron_101_wreadme.zip.download at 5767168
[10:00:41:870ms][Trace][File] Finish write to C:\Users\SAPTAR~1\AppData\Local\Temp\lastresort_ron_101_wreadme.zip.download
[10:00:41:876ms][Trace][File] Begin write of 524288 bytes to C:\Users\SAPTAR~1\AppData\Local\Temp\lastresort_ron_101_wreadme.zip.download at 6291456
[10:00:41:876ms][Trace][File] Finish write to C:\Users\SAPTAR~1\AppData\Local\Temp\lastresort_ron_101_wreadme.zip.download
[10:00:41:898ms][Trace][File] Begin write of 524288 bytes to C:\Users\SAPTAR~1\AppData\Local\Temp\lastresort_ron_101_wreadme.zip.download at 6815744
[10:00:41:898ms][Trace][File] Finish write to C:\Users\SAPTAR~1\AppData\Local\Temp\lastresort_ron_101_wreadme.zip.download
[10:00:42:4ms][Trace][File] Begin write of 524288 bytes to C:\Users\SAPTAR~1\AppData\Local\Temp\lastresort_ron_101_wreadme.zip.download at 7340032
[10:00:42:4ms][Trace][File] Finish write to C:\Users\SAPTAR~1\AppData\Local\Temp\lastresort_ron_101_wreadme.zip.download
[10:00:42:109ms][Trace][File] Begin write of 524288 bytes to C:\Users\SAPTAR~1\AppData\Local\Temp\lastresort_ron_101_wreadme.zip.download at 7864320
[10:00:42:109ms][Trace][File] Finish write to C:\Users\SAPTAR~1\AppData\Local\Temp\lastresort_ron_101_wreadme.zip.download
[10:00:42:257ms][Trace][File] Begin write of 524288 bytes to C:\Users\SAPTAR~1\AppData\Local\Temp\lastresort_ron_101_wreadme.zip.download at 8388608
[10:00:42:258ms][Trace][File] Finish write to C:\Users\SAPTAR~1\AppData\Local\Temp\lastresort_ron_101_wreadme.zip.download
[10:00:42:386ms][Trace][File] Begin write of 524288 bytes to C:\Users\SAPTAR~1\AppData\Local\Temp\lastresort_ron_101_wreadme.zip.download at 8912896
[10:00:42:387ms][Trace][File] Finish write to C:\Users\SAPTAR~1\AppData\Local\Temp\lastresort_ron_101_wreadme.zip.download
[10:00:42:546ms][Trace][File] Begin write of 524288 bytes to C:\Users\SAPTAR~1\AppData\Local\Temp\lastresort_ron_101_wreadme.zip.download at 9437184
[10:00:42:546ms][Trace][File] Finish write to C:\Users\SAPTAR~1\AppData\Local\Temp\lastresort_ron_101_wreadme.zip.download
[10:00:42:699ms][Trace][File] Begin write of 524288 bytes to C:\Users\SAPTAR~1\AppData\Local\Temp\lastresort_ron_101_wreadme.zip.download at 9961472
[10:00:42:699ms][Trace][File] Finish write to C:\Users\SAPTAR~1\AppData\Local\Temp\lastresort_ron_101_wreadme.zip.download
[10:00:42:845ms][Trace][File] Begin write of 524288 bytes to C:\Users\SAPTAR~1\AppData\Local\Temp\lastresort_ron_101_wreadme.zip.download at 10485760
[10:00:42:845ms][Trace][File] Finish write to C:\Users\SAPTAR~1\AppData\Local\Temp\lastresort_ron_101_wreadme.zip.download
[10:00:42:989ms][Trace][File] Begin write of 524288 bytes to C:\Users\SAPTAR~1\AppData\Local\Temp\lastresort_ron_101_wreadme.zip.download at 11010048
[10:00:42:989ms][Trace][File] Finish write to C:\Users\SAPTAR~1\AppData\Local\Temp\lastresort_ron_101_wreadme.zip.download
[10:00:43:135ms][Trace][File] Begin write of 524288 bytes to C:\Users\SAPTAR~1\AppData\Local\Temp\lastresort_ron_101_wreadme.zip.download at 11534336
[10:00:43:136ms][Trace][File] Finish write to C:\Users\SAPTAR~1\AppData\Local\Temp\lastresort_ron_101_wreadme.zip.download
[10:00:43:279ms][Trace][File] Begin write of 524288 bytes to C:\Users\SAPTAR~1\AppData\Local\Temp\lastresort_ron_101_wreadme.zip.download at 12058624
[10:00:43:279ms][Trace][File] Finish write to C:\Users\SAPTAR~1\AppData\Local\Temp\lastresort_ron_101_wreadme.zip.download
[10:00:43:426ms][Trace][File] Begin write of 524288 bytes to C:\Users\SAPTAR~1\AppData\Local\Temp\lastresort_ron_101_wreadme.zip.download at 12582912
[10:00:43:427ms][Trace][File] Finish write to C:\Users\SAPTAR~1\AppData\Local\Temp\lastresort_ron_101_wreadme.zip.download
[10:00:43:574ms][Trace][File] Begin write of 524288 bytes to C:\Users\SAPTAR~1\AppData\Local\Temp\lastresort_ron_101_wreadme.zip.download at 13107200
[10:00:43:574ms][Trace][File] Finish write to C:\Users\SAPTAR~1\AppData\Local\Temp\lastresort_ron_101_wreadme.zip.download
[10:00:43:725ms][Trace][File] Begin write of 524288 bytes to C:\Users\SAPTAR~1\AppData\Local\Temp\lastresort_ron_101_wreadme.zip.download at 13631488
[10:00:43:725ms][Trace][File] Finish write to C:\Users\SAPTAR~1\AppData\Local\Temp\lastresort_ron_101_wreadme.zip.download
[10:00:43:872ms][Trace][File] Begin write of 524288 bytes to C:\Users\SAPTAR~1\AppData\Local\Temp\lastresort_ron_101_wreadme.zip.download at 14155776
[10:00:43:873ms][Trace][File] Finish write to C:\Users\SAPTAR~1\AppData\Local\Temp\lastresort_ron_101_wreadme.zip.download
[10:00:44:0ms][Trace][File] Begin write of 524288 bytes to C:\Users\SAPTAR~1\AppData\Local\Temp\lastresort_ron_101_wreadme.zip.download at 14680064
[10:00:44:0ms][Trace][File] Finish write to C:\Users\SAPTAR~1\AppData\Local\Temp\lastresort_ron_101_wreadme.zip.download
[10:00:44:153ms][Trace][File] Begin write of 524288 bytes to C:\Users\SAPTAR~1\AppData\Local\Temp\lastresort_ron_101_wreadme.zip.download at 15204352
[10:00:44:154ms][Trace][File] Finish write to C:\Users\SAPTAR~1\AppData\Local\Temp\lastresort_ron_101_wreadme.zip.download
[10:00:44:306ms][Trace][File] Begin write of 524288 bytes to C:\Users\SAPTAR~1\AppData\Local\Temp\lastresort_ron_101_wreadme.zip.download at 15728640
[10:00:44:306ms][Trace][File] Finish write to C:\Users\SAPTAR~1\AppData\Local\Temp\lastresort_ron_101_wreadme.zip.download
[10:00:44:457ms][Trace][File] Begin write of 524288 bytes to C:\Users\SAPTAR~1\AppData\Local\Temp\lastresort_ron_101_wreadme.zip.download at 16252928
[10:00:44:457ms][Trace][File] Finish write to C:\Users\SAPTAR~1\AppData\Local\Temp\lastresort_ron_101_wreadme.zip.download
[10:00:44:585ms][Trace][File] Begin write of 524288 bytes to C:\Users\SAPTAR~1\AppData\Local\Temp\lastresort_ron_101_wreadme.zip.download at 16777216
[10:00:44:585ms][Trace][File] Finish write to C:\Users\SAPTAR~1\AppData\Local\Temp\lastresort_ron_101_wreadme.zip.download
[10:00:44:737ms][Trace][File] Begin write of 524288 bytes to C:\Users\SAPTAR~1\AppData\Local\Temp\lastresort_ron_101_wreadme.zip.download at 17301504
[10:00:44:737ms][Trace][File] Finish write to C:\Users\SAPTAR~1\AppData\Local\Temp\lastresort_ron_101_wreadme.zip.download
[10:00:44:886ms][Trace][File] Begin write of 524288 bytes to C:\Users\SAPTAR~1\AppData\Local\Temp\lastresort_ron_101_wreadme.zip.download at 17825792
[10:00:44:886ms][Trace][File] Finish write to C:\Users\SAPTAR~1\AppData\Local\Temp\lastresort_ron_101_wreadme.zip.download
[10:00:45:60ms][Trace][File] Begin write of 524288 bytes to C:\Users\SAPTAR~1\AppData\Local\Temp\lastresort_ron_101_wreadme.zip.download at 18350080
[10:00:45:60ms][Trace][File] Finish write to C:\Users\SAPTAR~1\AppData\Local\Temp\lastresort_ron_101_wreadme.zip.download
[10:00:45:209ms][Trace][File] Begin write of 524288 bytes to C:\Users\SAPTAR~1\AppData\Local\Temp\lastresort_ron_101_wreadme.zip.download at 18874368
[10:00:45:209ms][Trace][File] Finish write to C:\Users\SAPTAR~1\AppData\Local\Temp\lastresort_ron_101_wreadme.zip.download
[10:00:45:333ms][Trace][File] Begin write of 524288 bytes to C:\Users\SAPTAR~1\AppData\Local\Temp\lastresort_ron_101_wreadme.zip.download at 19398656
[10:00:45:333ms][Trace][File] Finish write to C:\Users\SAPTAR~1\AppData\Local\Temp\lastresort_ron_101_wreadme.zip.download
[10:00:45:480ms][Trace][File] Begin write of 524288 bytes to C:\Users\SAPTAR~1\AppData\Local\Temp\lastresort_ron_101_wreadme.zip.download at 19922944
[10:00:45:480ms][Trace][File] Finish write to C:\Users\SAPTAR~1\AppData\Local\Temp\lastresort_ron_101_wreadme.zip.download
[10:00:45:682ms][Trace][File] Begin write of 524288 bytes to C:\Users\SAPTAR~1\AppData\Local\Temp\lastresort_ron_101_wreadme.zip.download at 20447232
[10:00:45:683ms][Trace][File] Finish write to C:\Users\SAPTAR~1\AppData\Local\Temp\lastresort_ron_101_wreadme.zip.download
[10:00:45:834ms][Trace][File] Begin write of 524288 bytes to C:\Users\SAPTAR~1\AppData\Local\Temp\lastresort_ron_101_wreadme.zip.download at 20971520
[10:00:45:834ms][Trace][File] Finish write to C:\Users\SAPTAR~1\AppData\Local\Temp\lastresort_ron_101_wreadme.zip.download
[10:00:46:10ms][Trace][File] Begin write of 524288 bytes to C:\Users\SAPTAR~1\AppData\Local\Temp\lastresort_ron_101_wreadme.zip.download at 21495808
[10:00:46:10ms][Trace][File] Finish write to C:\Users\SAPTAR~1\AppData\Local\Temp\lastresort_ron_101_wreadme.zip.download
[10:00:46:212ms][Trace][File] Begin write of 524288 bytes to C:\Users\SAPTAR~1\AppData\Local\Temp\lastresort_ron_101_wreadme.zip.download at 22020096
[10:00:46:212ms][Trace][File] Finish write to C:\Users\SAPTAR~1\AppData\Local\Temp\lastresort_ron_101_wreadme.zip.download
[10:00:46:284ms][Trace][File] Begin write of 524288 bytes to C:\Users\SAPTAR~1\AppData\Local\Temp\lastresort_ron_101_wreadme.zip.download at 22544384
[10:00:46:285ms][Trace][File] Finish write to C:\Users\SAPTAR~1\AppData\Local\Temp\lastresort_ron_101_wreadme.zip.download
[10:00:46:472ms][Trace][File] Begin write of 524288 bytes to C:\Users\SAPTAR~1\AppData\Local\Temp\lastresort_ron_101_wreadme.zip.download at 23068672
[10:00:46:472ms][Trace][File] Finish write to C:\Users\SAPTAR~1\AppData\Local\Temp\lastresort_ron_101_wreadme.zip.download
[10:00:46:630ms][Trace][File] Begin write of 524288 bytes to C:\Users\SAPTAR~1\AppData\Local\Temp\lastresort_ron_101_wreadme.zip.download at 23592960
[10:00:46:630ms][Trace][File] Finish write to C:\Users\SAPTAR~1\AppData\Local\Temp\lastresort_ron_101_wreadme.zip.download
[10:00:46:757ms][Trace][File] Begin write of 524288 bytes to C:\Users\SAPTAR~1\AppData\Local\Temp\lastresort_ron_101_wreadme.zip.download at 24117248
[10:00:46:757ms][Trace][File] Finish write to C:\Users\SAPTAR~1\AppData\Local\Temp\lastresort_ron_101_wreadme.zip.download
[10:00:46:943ms][Trace][File] Begin write of 524288 bytes to C:\Users\SAPTAR~1\AppData\Local\Temp\lastresort_ron_101_wreadme.zip.download at 24641536
[10:00:46:943ms][Trace][File] Finish write to C:\Users\SAPTAR~1\AppData\Local\Temp\lastresort_ron_101_wreadme.zip.download
[10:00:47:447ms][Trace][File] Begin write of 524288 bytes to C:\Users\SAPTAR~1\AppData\Local\Temp\lastresort_ron_101_wreadme.zip.download at 25165824
[10:00:47:448ms][Trace][File] Finish write to C:\Users\SAPTAR~1\AppData\Local\Temp\lastresort_ron_101_wreadme.zip.download
[10:00:47:473ms][Trace][File] Begin write of 524288 bytes to C:\Users\SAPTAR~1\AppData\Local\Temp\lastresort_ron_101_wreadme.zip.download at 25690112
[10:00:47:473ms][Trace][File] Finish write to C:\Users\SAPTAR~1\AppData\Local\Temp\lastresort_ron_101_wreadme.zip.download
[10:00:47:496ms][Trace][File] Begin write of 524288 bytes to C:\Users\SAPTAR~1\AppData\Local\Temp\lastresort_ron_101_wreadme.zip.download at 26214400
[10:00:47:496ms][Trace][File] Finish write to C:\Users\SAPTAR~1\AppData\Local\Temp\lastresort_ron_101_wreadme.zip.download
[10:00:47:523ms][Trace][File] Begin write of 524288 bytes to C:\Users\SAPTAR~1\AppData\Local\Temp\lastresort_ron_101_wreadme.zip.download at 26738688
[10:00:47:523ms][Trace][File] Finish write to C:\Users\SAPTAR~1\AppData\Local\Temp\lastresort_ron_101_wreadme.zip.download
[10:00:47:660ms][Trace][File] Begin write of 524288 bytes to C:\Users\SAPTAR~1\AppData\Local\Temp\lastresort_ron_101_wreadme.zip.download at 27262976
[10:00:47:660ms][Trace][File] Finish write to C:\Users\SAPTAR~1\AppData\Local\Temp\lastresort_ron_101_wreadme.zip.download
[10:00:47:816ms][Trace][File] Begin write of 524288 bytes to C:\Users\SAPTAR~1\AppData\Local\Temp\lastresort_ron_101_wreadme.zip.download at 27787264
[10:00:47:816ms][Trace][File] Finish write to C:\Users\SAPTAR~1\AppData\Local\Temp\lastresort_ron_101_wreadme.zip.download
[10:00:47:945ms][Trace][File] Begin write of 524288 bytes to C:\Users\SAPTAR~1\AppData\Local\Temp\lastresort_ron_101_wreadme.zip.download at 28311552
[10:00:47:946ms][Trace][File] Finish write to C:\Users\SAPTAR~1\AppData\Local\Temp\lastresort_ron_101_wreadme.zip.download
[10:00:48:77ms][Trace][File] Begin write of 524288 bytes to C:\Users\SAPTAR~1\AppData\Local\Temp\lastresort_ron_101_wreadme.zip.download at 28835840
[10:00:48:77ms][Trace][File] Finish write to C:\Users\SAPTAR~1\AppData\Local\Temp\lastresort_ron_101_wreadme.zip.download
[10:00:48:205ms][Trace][File] Begin write of 524288 bytes to C:\Users\SAPTAR~1\AppData\Local\Temp\lastresort_ron_101_wreadme.zip.download at 29360128
[10:00:48:205ms][Trace][File] Finish write to C:\Users\SAPTAR~1\AppData\Local\Temp\lastresort_ron_101_wreadme.zip.download
[10:00:48:361ms][Trace][File] Begin write of 524288 bytes to C:\Users\SAPTAR~1\AppData\Local\Temp\lastresort_ron_101_wreadme.zip.download at 29884416
[10:00:48:362ms][Trace][File] Finish write to C:\Users\SAPTAR~1\AppData\Local\Temp\lastresort_ron_101_wreadme.zip.download
[10:00:48:497ms][Trace][File] Begin write of 524288 bytes to C:\Users\SAPTAR~1\AppData\Local\Temp\lastresort_ron_101_wreadme.zip.download at 30408704
[10:00:48:497ms][Trace][File] Finish write to C:\Users\SAPTAR~1\AppData\Local\Temp\lastresort_ron_101_wreadme.zip.download
[10:00:48:661ms][Trace][File] Begin write of 524288 bytes to C:\Users\SAPTAR~1\AppData\Local\Temp\lastresort_ron_101_wreadme.zip.download at 30932992
[10:00:48:661ms][Trace][File] Finish write to C:\Users\SAPTAR~1\AppData\Local\Temp\lastresort_ron_101_wreadme.zip.download
[10:00:48:846ms][Trace][File] Begin write of 524288 bytes to C:\Users\SAPTAR~1\AppData\Local\Temp\lastresort_ron_101_wreadme.zip.download at 31457280
[10:00:48:846ms][Trace][File] Finish write to C:\Users\SAPTAR~1\AppData\Local\Temp\lastresort_ron_101_wreadme.zip.download
[10:00:49:7ms][Trace][File] Begin write of 524288 bytes to C:\Users\SAPTAR~1\AppData\Local\Temp\lastresort_ron_101_wreadme.zip.download at 31981568
[10:00:49:7ms][Trace][File] Finish write to C:\Users\SAPTAR~1\AppData\Local\Temp\lastresort_ron_101_wreadme.zip.download
[10:00:49:147ms][Trace][File] Begin write of 524288 bytes to C:\Users\SAPTAR~1\AppData\Local\Temp\lastresort_ron_101_wreadme.zip.download at 32505856
[10:00:49:147ms][Trace][File] Finish write to C:\Users\SAPTAR~1\AppData\Local\Temp\lastresort_ron_101_wreadme.zip.download
[10:00:49:250ms][Trace][File] Begin write of 524288 bytes to C:\Users\SAPTAR~1\AppData\Local\Temp\lastresort_ron_101_wreadme.zip.download at 33030144
[10:00:49:250ms][Trace][File] Finish write to C:\Users\SAPTAR~1\AppData\Local\Temp\lastresort_ron_101_wreadme.zip.download
[10:00:49:440ms][Trace][File] Begin write of 524288 bytes to C:\Users\SAPTAR~1\AppData\Local\Temp\lastresort_ron_101_wreadme.zip.download at 33554432
[10:00:49:440ms][Trace][File] Finish write to C:\Users\SAPTAR~1\AppData\Local\Temp\lastresort_ron_101_wreadme.zip.download
